Build started 6/19/2014 4:52:34 AM.
     1>Project "c:\Users\Randy\Documents\MarmaladeGames\OneTap\build_onetap_vc12x\OneTap_vc12x.vcxproj" on node 2 (Build target(s)).
     1>ClCompile:
         C:\Marmalade\7.3\s3e\bin\CL.exe /c /Ic:/marmalade/7.3/modules/iwutil/h /Ic:/marmalade/7.3/modules/third_party/libjpeg/h /Ic:/marmalade/7.3/modules/third_party/zlib/h /Ic:/marmalade/7.3/modules/third_party/libpng/h /Ic:/marmalade/7.3/s3e/h /Ic:/marmalade/7.3/s3e/h/ext /Ic:/marmalade/7.3/s3e/h/std /Ic:/marmalade/7.3/s3e/h/std/c++ /Ic:/marmalade/7.3/s3e/h/ext_legacy /Ic:/marmalade/7.3/s3e/h/legacy /I. /ZI /nologo /W3 /WX- /MP /Od /Oy- /X /Gm- /EHsc /RTC1 /MTd /GS /Gy /fp:precise /Zc:wchar_t /Zc:forScope /Fo"Debug_OneTap_vc12x_x86\\" /Fd"Debug_OneTap_vc12x_x86\vc120.pdb" /Gd /TP /analyze- /errorReport:prompt /S3Eproject /J /FI"c:\Users\Randy\Documents\MarmaladeGames\OneTap\build_onetap_vc12x\temp_defines_debug.h" ..\Source\MainMenu.cpp
         MainMenu.cpp
     1>c:\users\randy\documents\marmaladegames\onetap\source\mainmenu.h(1): warning C4067: unexpected tokens following preprocessor directive - expected a newline
     1>c:\users\randy\documents\marmaladegames\onetap\source\mainmenu.h(2): error C2008: '.' : unexpected in macro definition
     1>Done Building Project "c:\Users\Randy\Documents\MarmaladeGames\OneTap\build_onetap_vc12x\OneTap_vc12x.vcxproj" (Build target(s)) -- FAILED.

Build FAILED.

Time Elapsed 00:00:01.22
